# JRE version: OpenJDK Runtime Environment Temurin-21.0.4+7 (21.0.4+7) (build 21.0.4+7-LTS)
# Java VM: OpenJDK 64-Bit Server VM Temurin-21.0.4+7 (21.0.4+7-LTS, mixed mode, tiered, compressed oops, compressed class ptrs, g1 gc, linux-amd64)
GC Precious Log:
 CardTable entry size: 512
 Card Set container configuration: InlinePtr #cards 4 size 8 Array Of Cards #cards 32 size 80 Howl #buckets 8 coarsen threshold 7372 Howl Bitmap #cards 1024 size 144 coarsen threshold 921 Card regions per heap region 1 cards per card region 8192
 CPUs: 8 total, 8 available
 Memory: 32035M
 Large Page Support: Disabled
 NUMA Support: Disabled
 Compressed Oops: Enabled (Zero based)
 Heap Region Size: 4M
 Heap Min Capacity: 8M
 Heap Initial Capacity: 504M
 Heap Max Capacity: 8012M
 Pre-touch: Disabled
 Parallel Workers: 8
 Concurrent Workers: 2
 Concurrent Refinement Workers: 8
 Periodic GC: Disabled
Heap:
 garbage-first heap   total 290816K, used 109040K [0x000000060b400000, 0x0000000800000000)
  region size 4096K, 25 young (102400K), 2 survivors (8192K)
 Metaspace       used 53691K, committed 54400K, reserved 1114112K
  class space    used 5993K, committed 6336K, reserved 1048576K
GC Heap History (20 events):
Event: 0,614 GC heap before
{Heap before GC invocations=1 (full 0):
 garbage-first heap   total 516096K, used 33707K [0x000000060b400000, 0x0000000800000000)
  region size 4096K, 8 young (32768K), 1 survivors (4096K)
 Metaspace       used 18380K, committed 18624K, reserved 1114112K
  class space    used 1761K, committed 1856K, reserved 1048576K
}
Event: 0,616 GC heap after
{Heap after GC invocations=2 (full 0):
 garbage-first heap   total 516096K, used 6418K [0x000000060b400000, 0x0000000800000000)
  region size 4096K, 1 young (4096K), 1 survivors (4096K)
 Metaspace       used 18380K, committed 18624K, reserved 1114112K
  class space    used 1761K, committed 1856K, reserved 1048576K
}
Event: 0,819 GC heap before
{Heap before GC invocations=2 (full 0):
 garbage-first heap   total 516096K, used 30994K [0x000000060b400000, 0x0000000800000000)
  region size 4096K, 8 young (32768K), 1 survivors (4096K)
 Metaspace       used 21243K, committed 21504K, reserved 1114112K
  class space    used 2169K, committed 2240K, reserved 1048576K
}
Event: 0,823 GC heap after
{Heap after GC invocations=3 (full 0):
 garbage-first heap   total 516096K, used 7547K [0x000000060b400000, 0x0000000800000000)
  region size 4096K, 1 young (4096K), 1 survivors (4096K)
 Metaspace       used 21243K, committed 21504K, reserved 1114112K
  class space    used 2169K, committed 2240K, reserved 1048576K
}
Event: 0,895 GC heap before
{Heap before GC invocations=4 (full 0):
 garbage-first heap   total 40960K, used 36219K [0x000000060b400000, 0x0000000800000000)
  region size 4096K, 8 young (32768K), 1 survivors (4096K)
 Metaspace       used 23711K, committed 24000K, reserved 1114112K
  class space    used 2445K, committed 2560K, reserved 1048576K
}
Event: 0,897 GC heap after
{Heap after GC invocations=5 (full 0):
 garbage-first heap   total 45056K, used 7927K [0x000000060b400000, 0x0000000800000000)
  region size 4096K, 1 young (4096K), 1 survivors (4096K)
 Metaspace       used 23711K, committed 24000K, reserved 1114112K
  class space    used 2445K, committed 2560K, reserved 1048576K
}
Event: 0,970 GC heap before
{Heap before GC invocations=5 (full 0):
 garbage-first heap   total 45056K, used 28407K [0x000000060b400000, 0x0000000800000000)
  region size 4096K, 6 young (24576K), 1 survivors (4096K)
 Metaspace       used 26185K, committed 26432K, reserved 1114112K
  class space    used 2713K, committed 2816K, reserved 1048576K
}
Event: 0,972 GC heap after
{Heap after GC invocations=6 (full 0):
 garbage-first heap   total 45056K, used 8709K [0x000000060b400000, 0x0000000800000000)
  region size 4096K, 1 young (4096K), 1 survivors (4096K)
 Metaspace       used 26185K, committed 26432K, reserved 1114112K
  class space    used 2713K, committed 2816K, reserved 1048576K
}
Event: 1,024 GC heap before
{Heap before GC invocations=6 (full 0):
 garbage-first heap   total 45056K, used 29189K [0x000000060b400000, 0x0000000800000000)
  region size 4096K, 6 young (24576K), 1 survivors (4096K)
 Metaspace       used 28144K, committed 28480K, reserved 1114112K
  class space    used 2962K, committed 3136K, reserved 1048576K
}
Event: 1,027 GC heap after
{Heap after GC invocations=7 (full 0):
 garbage-first heap   total 45056K, used 9099K [0x000000060b400000, 0x0000000800000000)
  region size 4096K, 1 young (4096K), 1 survivors (4096K)
 Metaspace       used 28144K, committed 28480K, reserved 1114112K
  class space    used 2962K, committed 3136K, reserved 1048576K
}
Event: 1,109 GC heap before
{Heap before GC invocations=7 (full 0):
 garbage-first heap   total 45056K, used 29579K [0x000000060b400000, 0x0000000800000000)
  region size 4096K, 6 young (24576K), 1 survivors (4096K)
 Metaspace       used 30025K, committed 30336K, reserved 1114112K
  class space    used 3207K, committed 3328K, reserved 1048576K
}
Event: 1,112 GC heap after
{Heap after GC invocations=8 (full 0):
 garbage-first heap   total 282624K, used 10306K [0x000000060b400000, 0x0000000800000000)
  region size 4096K, 1 young (4096K), 1 survivors (4096K)
 Metaspace       used 30025K, committed 30336K, reserved 1114112K
  class space    used 3207K, committed 3328K, reserved 1048576K
}
Event: 1,706 GC heap before
{Heap before GC invocations=8 (full 0):
 garbage-first heap   total 282624K, used 79938K [0x000000060b400000, 0x0000000800000000)
  region size 4096K, 20 young (81920K), 1 survivors (4096K)
 Metaspace       used 35779K, committed 36160K, reserved 1114112K
  class space    used 3891K, committed 4096K, reserved 1048576K
}
Event: 1,717 GC heap after
{Heap after GC invocations=9 (full 0):
 garbage-first heap   total 282624K, used 13251K [0x000000060b400000, 0x0000000800000000)
  region size 4096K, 2 young (8192K), 2 survivors (8192K)
 Metaspace       used 35779K, committed 36160K, reserved 1114112K
  class space    used 3891K, committed 4096K, reserved 1048576K
}
Event: 2,045 GC heap before
{Heap before GC invocations=10 (full 0):
 garbage-first heap   total 57344K, used 54211K [0x000000060b400000, 0x0000000800000000)
  region size 4096K, 12 young (49152K), 2 survivors (8192K)
 Metaspace       used 40282K, committed 40768K, reserved 1114112K
  class space    used 4462K, committed 4672K, reserved 1048576K
}
Event: 2,051 GC heap after
{Heap after GC invocations=11 (full 0):
 garbage-first heap   total 65536K, used 15366K [0x000000060b400000, 0x0000000800000000)
  region size 4096K, 2 young (8192K), 2 survivors (8192K)
 Metaspace       used 40282K, committed 40768K, reserved 1114112K
  class space    used 4462K, committed 4672K, reserved 1048576K
}
Event: 2,431 GC heap before
{Heap before GC invocations=11 (full 0):
 garbage-first heap   total 65536K, used 44038K [0x000000060b400000, 0x0000000800000000)
  region size 4096K, 9 young (36864K), 2 survivors (8192K)
 Metaspace       used 42490K, committed 43008K, reserved 1114112K
  class space    used 4743K, committed 4992K, reserved 1048576K
}
Event: 2,445 GC heap after
{Heap after GC invocations=12 (full 0):
 garbage-first heap   total 65536K, used 17372K [0x000000060b400000, 0x0000000800000000)
  region size 4096K, 2 young (8192K), 2 survivors (8192K)
 Metaspace       used 42490K, committed 43008K, reserved 1114112K
  class space    used 4743K, committed 4992K, reserved 1048576K
}
Event: 2,690 GC heap before
{Heap before GC invocations=12 (full 0):
 garbage-first heap   total 65536K, used 46044K [0x000000060b400000, 0x0000000800000000)
  region size 4096K, 9 young (36864K), 2 survivors (8192K)
 Metaspace       used 44953K, committed 45504K, reserved 1114112K
  class space    used 5063K, committed 5312K, reserved 1048576K
}
Event: 2,696 GC heap after
{Heap after GC invocations=13 (full 0):
 garbage-first heap   total 290816K, used 18928K [0x000000060b400000, 0x0000000800000000)
  region size 4096K, 2 young (8192K), 2 survivors (8192K)
 Metaspace       used 44953K, committed 45504K, reserved 1114112K
  class space    used 5063K, committed 5312K, reserved 1048576K
}

