# JRE version: OpenJDK Runtime Environment Temurin-21.0.4+7 (21.0.4+7) (build 21.0.4+7-LTS)
# Java VM: OpenJDK 64-Bit Server VM Temurin-21.0.4+7 (21.0.4+7-LTS, mixed mode, tiered, compressed oops, compressed class ptrs, g1 gc, linux-amd64)
GC Precious Log:
 CardTable entry size: 512
 Card Set container configuration: InlinePtr #cards 4 size 8 Array Of Cards #cards 32 size 80 Howl #buckets 8 coarsen threshold 7372 Howl Bitmap #cards 1024 size 144 coarsen threshold 921 Card regions per heap region 1 cards per card region 8192
 CPUs: 8 total, 8 available
 Memory: 32035M
 Large Page Support: Disabled
 NUMA Support: Disabled
 Compressed Oops: Enabled (Zero based)
 Heap Region Size: 4M
 Heap Min Capacity: 8M
 Heap Initial Capacity: 504M
 Heap Max Capacity: 8012M
 Pre-touch: Disabled
 Parallel Workers: 8
 Concurrent Workers: 2
 Concurrent Refinement Workers: 8
 Periodic GC: Disabled
Heap:
 garbage-first heap   total 294912K, used 96294K [0x000000060b400000, 0x0000000800000000)
  region size 4096K, 23 young (94208K), 2 survivors (8192K)
 Metaspace       used 53302K, committed 54016K, reserved 1114112K
  class space    used 5978K, committed 6336K, reserved 1048576K
GC Heap History (20 events):
Event: 0,372 GC heap before
{Heap before GC invocations=0 (full 0):
 garbage-first heap   total 516096K, used 20480K [0x000000060b400000, 0x0000000800000000)
  region size 4096K, 6 young (24576K), 0 survivors (0K)
 Metaspace       used 13875K, committed 14016K, reserved 1114112K
  class space    used 1217K, committed 1280K, reserved 1048576K
}
Event: 0,374 GC heap after
{Heap after GC invocations=1 (full 0):
 garbage-first heap   total 516096K, used 5042K [0x000000060b400000, 0x0000000800000000)
  region size 4096K, 1 young (4096K), 1 survivors (4096K)
 Metaspace       used 13875K, committed 14016K, reserved 1114112K
  class space    used 1217K, committed 1280K, reserved 1048576K
}
Event: 0,540 GC heap before
{Heap before GC invocations=1 (full 0):
 garbage-first heap   total 516096K, used 33714K [0x000000060b400000, 0x0000000800000000)
  region size 4096K, 8 young (32768K), 1 survivors (4096K)
 Metaspace       used 18383K, committed 18624K, reserved 1114112K
  class space    used 1760K, committed 1856K, reserved 1048576K
}
Event: 0,543 GC heap after
{Heap after GC invocations=2 (full 0):
 garbage-first heap   total 516096K, used 6389K [0x000000060b400000, 0x0000000800000000)
  region size 4096K, 1 young (4096K), 1 survivors (4096K)
 Metaspace       used 18383K, committed 18624K, reserved 1114112K
  class space    used 1760K, committed 1856K, reserved 1048576K
}
Event: 0,702 GC heap before
{Heap before GC invocations=2 (full 0):
 garbage-first heap   total 516096K, used 30965K [0x000000060b400000, 0x0000000800000000)
  region size 4096K, 8 young (32768K), 1 survivors (4096K)
 Metaspace       used 21286K, committed 21504K, reserved 1114112K
  class space    used 2165K, committed 2240K, reserved 1048576K
}
Event: 0,705 GC heap after
{Heap after GC invocations=3 (full 0):
 garbage-first heap   total 516096K, used 7301K [0x000000060b400000, 0x0000000800000000)
  region size 4096K, 1 young (4096K), 1 survivors (4096K)
 Metaspace       used 21286K, committed 21504K, reserved 1114112K
  class space    used 2165K, committed 2240K, reserved 1048576K
}
Event: 0,777 GC heap before
{Heap before GC invocations=4 (full 0):
 garbage-first heap   total 40960K, used 31877K [0x000000060b400000, 0x0000000800000000)
  region size 4096K, 8 young (32768K), 1 survivors (4096K)
 Metaspace       used 23906K, committed 24192K, reserved 1114112K
  class space    used 2456K, committed 2560K, reserved 1048576K
}
Event: 0,781 GC heap after
{Heap after GC invocations=5 (full 0):
 garbage-first heap   total 45056K, used 7511K [0x000000060b400000, 0x0000000800000000)
  region size 4096K, 1 young (4096K), 1 survivors (4096K)
 Metaspace       used 23906K, committed 24192K, reserved 1114112K
  class space    used 2456K, committed 2560K, reserved 1048576K
}
Event: 0,860 GC heap before
{Heap before GC invocations=5 (full 0):
 garbage-first heap   total 45056K, used 27991K [0x000000060b400000, 0x0000000800000000)
  region size 4096K, 6 young (24576K), 1 survivors (4096K)
 Metaspace       used 26514K, committed 26816K, reserved 1114112K
  class space    used 2747K, committed 2880K, reserved 1048576K
}
Event: 0,868 GC heap after
{Heap after GC invocations=6 (full 0):
 garbage-first heap   total 45056K, used 8615K [0x000000060b400000, 0x0000000800000000)
  region size 4096K, 1 young (4096K), 1 survivors (4096K)
 Metaspace       used 26514K, committed 26816K, reserved 1114112K
  class space    used 2747K, committed 2880K, reserved 1048576K
}
Event: 0,909 GC heap before
{Heap before GC invocations=6 (full 0):
 garbage-first heap   total 45056K, used 24999K [0x000000060b400000, 0x0000000800000000)
  region size 4096K, 6 young (24576K), 1 survivors (4096K)
 Metaspace       used 28291K, committed 28608K, reserved 1114112K
  class space    used 2988K, committed 3136K, reserved 1048576K
}
Event: 0,912 GC heap after
{Heap after GC invocations=7 (full 0):
 garbage-first heap   total 282624K, used 8972K [0x000000060b400000, 0x0000000800000000)
  region size 4096K, 1 young (4096K), 1 survivors (4096K)
 Metaspace       used 28291K, committed 28608K, reserved 1114112K
  class space    used 2988K, committed 3136K, reserved 1048576K
}
Event: 1,516 GC heap before
{Heap before GC invocations=7 (full 0):
 garbage-first heap   total 282624K, used 94988K [0x000000060b400000, 0x0000000800000000)
  region size 4096K, 24 young (98304K), 1 survivors (4096K)
 Metaspace       used 35868K, committed 36288K, reserved 1114112K
  class space    used 3896K, committed 4096K, reserved 1048576K
}
Event: 1,521 GC heap after
{Heap after GC invocations=8 (full 0):
 garbage-first heap   total 282624K, used 13310K [0x000000060b400000, 0x0000000800000000)
  region size 4096K, 2 young (8192K), 2 survivors (8192K)
 Metaspace       used 35868K, committed 36288K, reserved 1114112K
  class space    used 3896K, committed 4096K, reserved 1048576K
}
Event: 1,830 GC heap before
{Heap before GC invocations=9 (full 0):
 garbage-first heap   total 57344K, used 54270K [0x000000060b400000, 0x0000000800000000)
  region size 4096K, 12 young (49152K), 2 survivors (8192K)
 Metaspace       used 40394K, committed 40896K, reserved 1114112K
  class space    used 4469K, committed 4672K, reserved 1048576K
}
Event: 1,835 GC heap after
{Heap after GC invocations=10 (full 0):
 garbage-first heap   total 69632K, used 15663K [0x000000060b400000, 0x0000000800000000)
  region size 4096K, 3 young (12288K), 3 survivors (12288K)
 Metaspace       used 40394K, committed 40896K, reserved 1114112K
  class space    used 4469K, committed 4672K, reserved 1048576K
}
Event: 2,058 GC heap before
{Heap before GC invocations=10 (full 0):
 garbage-first heap   total 69632K, used 44335K [0x000000060b400000, 0x0000000800000000)
  region size 4096K, 10 young (40960K), 3 survivors (12288K)
 Metaspace       used 42693K, committed 43200K, reserved 1114112K
  class space    used 4763K, committed 4992K, reserved 1048576K
}
Event: 2,068 GC heap after
{Heap after GC invocations=11 (full 0):
 garbage-first heap   total 69632K, used 17320K [0x000000060b400000, 0x0000000800000000)
  region size 4096K, 2 young (8192K), 2 survivors (8192K)
 Metaspace       used 42693K, committed 43200K, reserved 1114112K
  class space    used 4763K, committed 4992K, reserved 1048576K
}
Event: 2,285 GC heap before
{Heap before GC invocations=11 (full 0):
 garbage-first heap   total 69632K, used 50088K [0x000000060b400000, 0x0000000800000000)
  region size 4096K, 10 young (40960K), 2 survivors (8192K)
 Metaspace       used 45510K, committed 46080K, reserved 1114112K
  class space    used 5131K, committed 5376K, reserved 1048576K
}
Event: 2,290 GC heap after
{Heap after GC invocations=12 (full 0):
 garbage-first heap   total 294912K, used 18470K [0x000000060b400000, 0x0000000800000000)
  region size 4096K, 2 young (8192K), 2 survivors (8192K)
 Metaspace       used 45510K, committed 46080K, reserved 1114112K
  class space    used 5131K, committed 5376K, reserved 1048576K
}

