# JRE version: OpenJDK Runtime Environment Temurin-21.0.4+7 (21.0.4+7) (build 21.0.4+7-LTS)
# Java VM: OpenJDK 64-Bit Server VM Temurin-21.0.4+7 (21.0.4+7-LTS, mixed mode, tiered, compressed oops, compressed class ptrs, g1 gc, linux-amd64)
GC Precious Log:
 CardTable entry size: 512
 Card Set container configuration: InlinePtr #cards 4 size 8 Array Of Cards #cards 32 size 80 Howl #buckets 8 coarsen threshold 7372 Howl Bitmap #cards 1024 size 144 coarsen threshold 921 Card regions per heap region 1 cards per card region 8192
 CPUs: 8 total, 8 available
 Memory: 32035M
 Large Page Support: Disabled
 NUMA Support: Disabled
 Compressed Oops: Enabled (Zero based)
 Heap Region Size: 4M
 Heap Min Capacity: 8M
 Heap Initial Capacity: 504M
 Heap Max Capacity: 8012M
 Pre-touch: Disabled
 Parallel Workers: 8
 Concurrent Workers: 2
 Concurrent Refinement Workers: 8
 Periodic GC: Disabled
Heap:
 garbage-first heap   total 290816K, used 104976K [0x000000060b400000, 0x0000000800000000)
  region size 4096K, 24 young (98304K), 1 survivors (4096K)
 Metaspace       used 53644K, committed 54400K, reserved 1114112K
  class space    used 5997K, committed 6336K, reserved 1048576K
GC Heap History (20 events):
Event: 0,404 GC heap before
{Heap before GC invocations=0 (full 0):
 garbage-first heap   total 516096K, used 20480K [0x000000060b400000, 0x0000000800000000)
  region size 4096K, 6 young (24576K), 0 survivors (0K)
 Metaspace       used 13883K, committed 14080K, reserved 1114112K
  class space    used 1217K, committed 1280K, reserved 1048576K
}
Event: 0,407 GC heap after
{Heap after GC invocations=1 (full 0):
 garbage-first heap   total 516096K, used 5044K [0x000000060b400000, 0x0000000800000000)
  region size 4096K, 1 young (4096K), 1 survivors (4096K)
 Metaspace       used 13883K, committed 14080K, reserved 1114112K
  class space    used 1217K, committed 1280K, reserved 1048576K
}
Event: 0,592 GC heap before
{Heap before GC invocations=1 (full 0):
 garbage-first heap   total 516096K, used 33716K [0x000000060b400000, 0x0000000800000000)
  region size 4096K, 8 young (32768K), 1 survivors (4096K)
 Metaspace       used 18382K, committed 18624K, reserved 1114112K
  class space    used 1761K, committed 1856K, reserved 1048576K
}
Event: 0,595 GC heap after
{Heap after GC invocations=2 (full 0):
 garbage-first heap   total 516096K, used 6394K [0x000000060b400000, 0x0000000800000000)
  region size 4096K, 1 young (4096K), 1 survivors (4096K)
 Metaspace       used 18382K, committed 18624K, reserved 1114112K
  class space    used 1761K, committed 1856K, reserved 1048576K
}
Event: 0,774 GC heap before
{Heap before GC invocations=2 (full 0):
 garbage-first heap   total 516096K, used 30970K [0x000000060b400000, 0x0000000800000000)
  region size 4096K, 8 young (32768K), 1 survivors (4096K)
 Metaspace       used 21283K, committed 21504K, reserved 1114112K
  class space    used 2168K, committed 2240K, reserved 1048576K
}
Event: 0,777 GC heap after
{Heap after GC invocations=3 (full 0):
 garbage-first heap   total 516096K, used 7324K [0x000000060b400000, 0x0000000800000000)
  region size 4096K, 1 young (4096K), 1 survivors (4096K)
 Metaspace       used 21283K, committed 21504K, reserved 1114112K
  class space    used 2168K, committed 2240K, reserved 1048576K
}
Event: 0,852 GC heap before
{Heap before GC invocations=4 (full 0):
 garbage-first heap   total 40960K, used 35996K [0x000000060b400000, 0x0000000800000000)
  region size 4096K, 8 young (32768K), 1 survivors (4096K)
 Metaspace       used 24149K, committed 24512K, reserved 1114112K
  class space    used 2479K, committed 2624K, reserved 1048576K
}
Event: 0,854 GC heap after
{Heap after GC invocations=5 (full 0):
 garbage-first heap   total 45056K, used 7691K [0x000000060b400000, 0x0000000800000000)
  region size 4096K, 1 young (4096K), 1 survivors (4096K)
 Metaspace       used 24149K, committed 24512K, reserved 1114112K
  class space    used 2479K, committed 2624K, reserved 1048576K
}
Event: 0,936 GC heap before
{Heap before GC invocations=5 (full 0):
 garbage-first heap   total 45056K, used 28171K [0x000000060b400000, 0x0000000800000000)
  region size 4096K, 7 young (28672K), 1 survivors (4096K)
 Metaspace       used 26565K, committed 26880K, reserved 1114112K
  class space    used 2756K, committed 2880K, reserved 1048576K
}
Event: 0,946 GC heap after
{Heap after GC invocations=6 (full 0):
 garbage-first heap   total 45056K, used 8698K [0x000000060b400000, 0x0000000800000000)
  region size 4096K, 1 young (4096K), 1 survivors (4096K)
 Metaspace       used 26565K, committed 26880K, reserved 1114112K
  class space    used 2756K, committed 2880K, reserved 1048576K
}
Event: 0,995 GC heap before
{Heap before GC invocations=6 (full 0):
 garbage-first heap   total 45056K, used 25082K [0x000000060b400000, 0x0000000800000000)
  region size 4096K, 6 young (24576K), 1 survivors (4096K)
 Metaspace       used 28422K, committed 28736K, reserved 1114112K
  class space    used 3006K, committed 3136K, reserved 1048576K
}
Event: 0,999 GC heap after
{Heap after GC invocations=7 (full 0):
 garbage-first heap   total 282624K, used 9050K [0x000000060b400000, 0x0000000800000000)
  region size 4096K, 1 young (4096K), 1 survivors (4096K)
 Metaspace       used 28422K, committed 28736K, reserved 1114112K
  class space    used 3006K, committed 3136K, reserved 1048576K
}
Event: 1,640 GC heap before
{Heap before GC invocations=7 (full 0):
 garbage-first heap   total 282624K, used 99162K [0x000000060b400000, 0x0000000800000000)
  region size 4096K, 24 young (98304K), 1 survivors (4096K)
 Metaspace       used 35766K, committed 36160K, reserved 1114112K
  class space    used 3875K, committed 4096K, reserved 1048576K
}
Event: 1,644 GC heap after
{Heap after GC invocations=8 (full 0):
 garbage-first heap   total 282624K, used 13173K [0x000000060b400000, 0x0000000800000000)
  region size 4096K, 2 young (8192K), 2 survivors (8192K)
 Metaspace       used 35766K, committed 36160K, reserved 1114112K
  class space    used 3875K, committed 4096K, reserved 1048576K
}
Event: 2,008 GC heap before
{Heap before GC invocations=9 (full 0):
 garbage-first heap   total 57344K, used 54133K [0x000000060b400000, 0x0000000800000000)
  region size 4096K, 12 young (49152K), 2 survivors (8192K)
 Metaspace       used 40387K, committed 40896K, reserved 1114112K
  class space    used 4467K, committed 4672K, reserved 1048576K
}
Event: 2,013 GC heap after
{Heap after GC invocations=10 (full 0):
 garbage-first heap   total 65536K, used 15261K [0x000000060b400000, 0x0000000800000000)
  region size 4096K, 2 young (8192K), 2 survivors (8192K)
 Metaspace       used 40387K, committed 40896K, reserved 1114112K
  class space    used 4467K, committed 4672K, reserved 1048576K
}
Event: 2,434 GC heap before
{Heap before GC invocations=10 (full 0):
 garbage-first heap   total 65536K, used 43933K [0x000000060b400000, 0x0000000800000000)
  region size 4096K, 9 young (36864K), 2 survivors (8192K)
 Metaspace       used 42459K, committed 43008K, reserved 1114112K
  class space    used 4725K, committed 4992K, reserved 1048576K
}
Event: 2,440 GC heap after
{Heap after GC invocations=11 (full 0):
 garbage-first heap   total 65536K, used 17220K [0x000000060b400000, 0x0000000800000000)
  region size 4096K, 2 young (8192K), 2 survivors (8192K)
 Metaspace       used 42459K, committed 43008K, reserved 1114112K
  class space    used 4725K, committed 4992K, reserved 1048576K
}
Event: 2,681 GC heap before
{Heap before GC invocations=11 (full 0):
 garbage-first heap   total 65536K, used 45892K [0x000000060b400000, 0x0000000800000000)
  region size 4096K, 9 young (36864K), 2 survivors (8192K)
 Metaspace       used 44931K, committed 45504K, reserved 1114112K
  class space    used 5053K, committed 5312K, reserved 1048576K
}
Event: 2,684 GC heap after
{Heap after GC invocations=12 (full 0):
 garbage-first heap   total 290816K, used 18960K [0x000000060b400000, 0x0000000800000000)
  region size 4096K, 1 young (4096K), 1 survivors (4096K)
 Metaspace       used 44931K, committed 45504K, reserved 1114112K
  class space    used 5053K, committed 5312K, reserved 1048576K
}

